2026/06/20 03:32:30 - mmengine - INFO - 
------------------------------------------------------------
System environment:
    sys.platform: linux
    Python: 3.10.20 (main, Jun 11 2026, 15:17:37) [GCC 14.3.0]
    CUDA available: True
    MUSA available: False
    numpy_random_seed: 1918196263
    GPU 0: NVIDIA GeForce RTX 4090
    CUDA_HOME: /usr/local/cuda
    NVCC: Cuda compilation tools, release 12.1, V12.1.105
    GCC: gcc (Ubuntu 11.4.0-1ubuntu1~22.04) 11.4.0
    PyTorch: 2.1.0+cu118
    PyTorch compiling details: PyTorch built with:
  - GCC 9.3
  - C++ Version: 201703
  - Intel(R) oneAPI Math Kernel Library Version 2022.2-Product Build 20220804 for Intel(R) 64 architecture applications
  - Intel(R) MKL-DNN v3.1.1 (Git Hash 64f6bcbcbab628e96f33a62c3e975f8535a7bde4)
  - OpenMP 201511 (a.k.a. OpenMP 4.5)
  - LAPACK is enabled (usually provided by MKL)
  - NNPACK is enabled
  - CPU capability usage: AVX512
  - CUDA Runtime 11.8
  - NVCC architecture flags: -gencode;arch=compute_50,code=sm_50;-gencode;arch=compute_60,code=sm_60;-gencode;arch=compute_70,code=sm_70;-gencode;arch=compute_75,code=sm_75;-gencode;arch=compute_80,code=sm_80;-gencode;arch=compute_86,code=sm_86;-gencode;arch=compute_37,code=sm_37;-gencode;arch=compute_90,code=sm_90
  - CuDNN 8.7
  - Magma 2.6.1
  - Build settings: BLAS_INFO=mkl, BUILD_TYPE=Release, CUDA_VERSION=11.8, CUDNN_VERSION=8.7.0, CXX_COMPILER=/opt/rh/devtoolset-9/root/usr/bin/c++, CXX_FLAGS= -D_GLIBCXX_USE_CXX11_ABI=0 -fabi-version=11 -fvisibility-inlines-hidden -DUSE_PTHREADPOOL -DNDEBUG -DUSE_KINETO -DLIBKINETO_NOROCTRACER -DUSE_FBGEMM -DUSE_QNNPACK -DUSE_PYTORCH_QNNPACK -DUSE_XNNPACK -DSYMBOLICATE_MOBILE_DEBUG_HANDLE -O2 -fPIC -Wall -Wextra -Werror=return-type -Werror=non-virtual-dtor -Werror=bool-operation -Wnarrowing -Wno-missing-field-initializers -Wno-type-limits -Wno-array-bounds -Wno-unknown-pragmas -Wno-unused-parameter -Wno-unused-function -Wno-unused-result -Wno-strict-overflow -Wno-strict-aliasing -Wno-stringop-overflow -Wno-psabi -Wno-error=pedantic -Wno-error=old-style-cast -Wno-invalid-partial-specialization -Wno-unused-private-field -Wno-aligned-allocation-unavailable -Wno-missing-braces -fdiagnostics-color=always -faligned-new -Wno-unused-but-set-variable -Wno-maybe-uninitialized -fno-math-errno -fno-trapping-math -Werror=format -Werror=cast-function-type -Wno-stringop-overflow, LAPACK_INFO=mkl, PERF_WITH_AVX=1, PERF_WITH_AVX2=1, PERF_WITH_AVX512=1, TORCH_DISABLE_GPU_ASSERTS=ON, TORCH_VERSION=2.1.0, USE_CUDA=ON, USE_CUDNN=ON, USE_EXCEPTION_PTR=1, USE_GFLAGS=OFF, USE_GLOG=OFF, USE_MKL=ON, USE_MKLDNN=ON, USE_MPI=OFF, USE_NCCL=1, USE_NNPACK=ON, USE_OPENMP=ON, USE_ROCM=OFF, 

    TorchVision: 0.16.0+cu118
    OpenCV: 4.8.1
    MMEngine: 0.10.7

Runtime environment:
    cudnn_benchmark: False
    mp_cfg: {'mp_start_method': 'fork', 'opencv_num_threads': 0}
    dist_cfg: {'backend': 'nccl'}
    seed: 1918196263
    Distributed launcher: none
    Distributed training: False
    GPU number: 1
------------------------------------------------------------

2026/06/20 03:32:30 - mmengine - INFO - Config:
ann_file = 'data/fall_binary_xsub.pkl'
clip_len = 48
dataset_type = 'PoseDataset'
default_hooks = dict(
    checkpoint=dict(
        interval=1,
        max_keep_ckpts=3,
        rule='greater',
        save_best='acc/top1',
        save_last=True,
        type='CheckpointHook'),
    logger=dict(ignore_last=False, interval=20, type='LoggerHook'),
    param_scheduler=dict(type='ParamSchedulerHook'),
    runtime_info=dict(type='RuntimeInfoHook'),
    sampler_seed=dict(type='DistSamplerSeedHook'),
    sync_buffers=dict(type='SyncBuffersHook'),
    timer=dict(type='IterTimerHook'))
default_scope = 'mmaction'
env_cfg = dict(
    cudnn_benchmark=False,
    dist_cfg=dict(backend='nccl'),
    mp_cfg=dict(mp_start_method='fork', opencv_num_threads=0))
heatmap_size = 56
launcher = 'none'
left_kp = [
    1,
    3,
    5,
    7,
    9,
    11,
    13,
    15,
]
load_from = 'work_dirs/posec3d_fall_binary/best_acc_top1_epoch_5.pth'
log_level = 'INFO'
log_processor = dict(by_epoch=True, type='LogProcessor', window_size=20)
model = dict(
    backbone=dict(
        base_channels=32,
        conv1_stride_s=1,
        depth=50,
        dilations=(
            1,
            1,
            1,
        ),
        in_channels=17,
        inflate=(
            0,
            1,
            1,
        ),
        num_stages=3,
        out_indices=(2, ),
        pool1_stride_s=1,
        pretrained=None,
        spatial_strides=(
            2,
            2,
            2,
        ),
        stage_blocks=(
            4,
            6,
            3,
        ),
        temporal_strides=(
            1,
            1,
            2,
        ),
        type='ResNet3dSlowOnly'),
    cls_head=dict(
        average_clips='prob',
        dropout_ratio=0.5,
        in_channels=512,
        num_classes=2,
        spatial_type='avg',
        type='I3DHead'),
    test_cfg=dict(average_clips='prob'),
    type='Recognizer3D')
optim_wrapper = dict(
    clip_grad=dict(max_norm=40, norm_type=2),
    optimizer=dict(
        lr=0.2, momentum=0.9, nesterov=True, type='SGD', weight_decay=0.0003),
    type='OptimWrapper')
param_scheduler = [
    dict(
        T_max=24,
        by_epoch=True,
        convert_to_iter_based=True,
        eta_min=0,
        type='CosineAnnealingLR'),
]
resume = False
right_kp = [
    2,
    4,
    6,
    8,
    10,
    12,
    14,
    16,
]
split_train = 'xsub_train'
split_val = 'xsub_val'
test_cfg = dict(type='TestLoop')
test_dataloader = dict(
    batch_size=1,
    dataset=dict(
        ann_file='data/fall_binary_xsub.pkl',
        pipeline=[
            dict(
                clip_len=48,
                num_clips=10,
                test_mode=True,
                type='UniformSampleFrames'),
            dict(type='PoseDecode'),
            dict(allow_imgpad=True, hw_ratio=1.0, type='PoseCompact'),
            dict(scale=(
                -1,
                64,
            ), type='Resize'),
            dict(crop_size=64, type='CenterCrop'),
            dict(keep_ratio=False, scale=(
                56,
                56,
            ), type='Resize'),
            dict(
                sigma=0.6,
                type='GeneratePoseTarget',
                use_score=True,
                with_kp=True,
                with_limb=False),
            dict(input_format='NCTHW_Heatmap', type='FormatShape'),
            dict(type='PackActionInputs'),
        ],
        split='xsub_val',
        test_mode=True,
        type='PoseDataset'),
    num_workers=8,
    persistent_workers=True,
    sampler=dict(shuffle=False, type='DefaultSampler'))
test_evaluator = [
    dict(
        metric_options=dict(
            mean_class_accuracy=dict(), top_k_accuracy=dict(topk=(1, ))),
        type='AccMetric'),
    dict(
        out_file_path=
        'work_dirs/posec3d_fall_binary/best_acc_top1_epoch_5_pred.pkl',
        type='DumpResults'),
]
test_pipeline = [
    dict(
        clip_len=48, num_clips=10, test_mode=True, type='UniformSampleFrames'),
    dict(type='PoseDecode'),
    dict(allow_imgpad=True, hw_ratio=1.0, type='PoseCompact'),
    dict(scale=(
        -1,
        64,
    ), type='Resize'),
    dict(crop_size=64, type='CenterCrop'),
    dict(keep_ratio=False, scale=(
        56,
        56,
    ), type='Resize'),
    dict(
        sigma=0.6,
        type='GeneratePoseTarget',
        use_score=True,
        with_kp=True,
        with_limb=False),
    dict(input_format='NCTHW_Heatmap', type='FormatShape'),
    dict(type='PackActionInputs'),
]
total_epochs = 24
train_cfg = dict(
    max_epochs=24, type='EpochBasedTrainLoop', val_begin=1, val_interval=1)
train_dataloader = dict(
    batch_size=16,
    dataset=dict(
        dataset=dict(
            ann_file='data/fall_binary_xsub.pkl',
            pipeline=[
                dict(clip_len=48, type='UniformSampleFrames'),
                dict(type='PoseDecode'),
                dict(allow_imgpad=True, hw_ratio=1.0, type='PoseCompact'),
                dict(scale=(
                    -1,
                    64,
                ), type='Resize'),
                dict(area_range=(
                    0.56,
                    1.0,
                ), type='RandomResizedCrop'),
                dict(keep_ratio=False, scale=(
                    56,
                    56,
                ), type='Resize'),
                dict(
                    flip_ratio=0.5,
                    left_kp=[
                        1,
                        3,
                        5,
                        7,
                        9,
                        11,
                        13,
                        15,
                    ],
                    right_kp=[
                        2,
                        4,
                        6,
                        8,
                        10,
                        12,
                        14,
                        16,
                    ],
                    type='Flip'),
                dict(
                    sigma=0.6,
                    type='GeneratePoseTarget',
                    use_score=True,
                    with_kp=True,
                    with_limb=False),
                dict(input_format='NCTHW_Heatmap', type='FormatShape'),
                dict(type='PackActionInputs'),
            ],
            split='xsub_train',
            type='PoseDataset'),
        times=10,
        type='RepeatDataset'),
    num_workers=8,
    persistent_workers=True,
    sampler=dict(shuffle=True, type='DefaultSampler'))
train_pipeline = [
    dict(clip_len=48, type='UniformSampleFrames'),
    dict(type='PoseDecode'),
    dict(allow_imgpad=True, hw_ratio=1.0, type='PoseCompact'),
    dict(scale=(
        -1,
        64,
    ), type='Resize'),
    dict(area_range=(
        0.56,
        1.0,
    ), type='RandomResizedCrop'),
    dict(keep_ratio=False, scale=(
        56,
        56,
    ), type='Resize'),
    dict(
        flip_ratio=0.5,
        left_kp=[
            1,
            3,
            5,
            7,
            9,
            11,
            13,
            15,
        ],
        right_kp=[
            2,
            4,
            6,
            8,
            10,
            12,
            14,
            16,
        ],
        type='Flip'),
    dict(
        sigma=0.6,
        type='GeneratePoseTarget',
        use_score=True,
        with_kp=True,
        with_limb=False),
    dict(input_format='NCTHW_Heatmap', type='FormatShape'),
    dict(type='PackActionInputs'),
]
val_cfg = dict(type='ValLoop')
val_dataloader = dict(
    batch_size=16,
    dataset=dict(
        ann_file='data/fall_binary_xsub.pkl',
        pipeline=[
            dict(
                clip_len=48,
                num_clips=1,
                test_mode=True,
                type='UniformSampleFrames'),
            dict(type='PoseDecode'),
            dict(allow_imgpad=True, hw_ratio=1.0, type='PoseCompact'),
            dict(scale=(
                -1,
                64,
            ), type='Resize'),
            dict(crop_size=64, type='CenterCrop'),
            dict(keep_ratio=False, scale=(
                56,
                56,
            ), type='Resize'),
            dict(
                sigma=0.6,
                type='GeneratePoseTarget',
                use_score=True,
                with_kp=True,
                with_limb=False),
            dict(input_format='NCTHW_Heatmap', type='FormatShape'),
            dict(type='PackActionInputs'),
        ],
        split='xsub_val',
        test_mode=True,
        type='PoseDataset'),
    num_workers=8,
    persistent_workers=True,
    sampler=dict(shuffle=False, type='DefaultSampler'))
val_evaluator = dict(
    metric_options=dict(
        mean_class_accuracy=dict(), top_k_accuracy=dict(topk=(1, ))),
    type='AccMetric')
val_pipeline = [
    dict(clip_len=48, num_clips=1, test_mode=True, type='UniformSampleFrames'),
    dict(type='PoseDecode'),
    dict(allow_imgpad=True, hw_ratio=1.0, type='PoseCompact'),
    dict(scale=(
        -1,
        64,
    ), type='Resize'),
    dict(crop_size=64, type='CenterCrop'),
    dict(keep_ratio=False, scale=(
        56,
        56,
    ), type='Resize'),
    dict(
        sigma=0.6,
        type='GeneratePoseTarget',
        use_score=True,
        with_kp=True,
        with_limb=False),
    dict(input_format='NCTHW_Heatmap', type='FormatShape'),
    dict(type='PackActionInputs'),
]
vis_backends = [
    dict(type='LocalVisBackend'),
]
visualizer = dict(
    type='ActionVisualizer', vis_backends=[
        dict(type='LocalVisBackend'),
    ])
work_dir = 'work_dirs/posec3d_fall_binary'

2026/06/20 03:32:32 - mmengine - INFO - Distributed training is not used, all SyncBatchNorm (SyncBN) layers in the model will be automatically reverted to BatchNormXd layers if they are used.
2026/06/20 03:32:32 - mmengine - INFO - Hooks will be executed in the following order:
before_run:
(VERY_HIGH   ) RuntimeInfoHook                    
(BELOW_NORMAL) LoggerHook                         
 -------------------- 
before_train:
(VERY_HIGH   ) RuntimeInfoHook                    
(NORMAL      ) IterTimerHook                      
(VERY_LOW    ) CheckpointHook                     
 -------------------- 
before_train_epoch:
(VERY_HIGH   ) RuntimeInfoHook                    
(NORMAL      ) IterTimerHook                      
(NORMAL      ) DistSamplerSeedHook                
 -------------------- 
before_train_iter:
(VERY_HIGH   ) RuntimeInfoHook                    
(NORMAL      ) IterTimerHook                      
 -------------------- 
after_train_iter:
(VERY_HIGH   ) RuntimeInfoHook                    
(NORMAL      ) IterTimerHook                      
(BELOW_NORMAL) LoggerHook                         
(LOW         ) ParamSchedulerHook                 
(VERY_LOW    ) CheckpointHook                     
 -------------------- 
after_train_epoch:
(NORMAL      ) IterTimerHook                      
(NORMAL      ) SyncBuffersHook                    
(LOW         ) ParamSchedulerHook                 
(VERY_LOW    ) CheckpointHook                     
 -------------------- 
before_val:
(VERY_HIGH   ) RuntimeInfoHook                    
 -------------------- 
before_val_epoch:
(NORMAL      ) IterTimerHook                      
(NORMAL      ) SyncBuffersHook                    
 -------------------- 
before_val_iter:
(NORMAL      ) IterTimerHook                      
 -------------------- 
after_val_iter:
(NORMAL      ) IterTimerHook                      
(BELOW_NORMAL) LoggerHook                         
 -------------------- 
after_val_epoch:
(VERY_HIGH   ) RuntimeInfoHook                    
(NORMAL      ) IterTimerHook                      
(BELOW_NORMAL) LoggerHook                         
(LOW         ) ParamSchedulerHook                 
(VERY_LOW    ) CheckpointHook                     
 -------------------- 
after_val:
(VERY_HIGH   ) RuntimeInfoHook                    
 -------------------- 
after_train:
(VERY_HIGH   ) RuntimeInfoHook                    
(VERY_LOW    ) CheckpointHook                     
 -------------------- 
before_test:
(VERY_HIGH   ) RuntimeInfoHook                    
 -------------------- 
before_test_epoch:
(NORMAL      ) IterTimerHook                      
 -------------------- 
before_test_iter:
(NORMAL      ) IterTimerHook                      
 -------------------- 
after_test_iter:
(NORMAL      ) IterTimerHook                      
(BELOW_NORMAL) LoggerHook                         
 -------------------- 
after_test_epoch:
(VERY_HIGH   ) RuntimeInfoHook                    
(NORMAL      ) IterTimerHook                      
(BELOW_NORMAL) LoggerHook                         
 -------------------- 
after_test:
(VERY_HIGH   ) RuntimeInfoHook                    
 -------------------- 
after_run:
(BELOW_NORMAL) LoggerHook                         
 -------------------- 
2026/06/20 03:32:33 - mmengine - INFO - 825 videos remain after valid thresholding
2026/06/20 03:32:33 - mmengine - WARNING - The prefix is not set in metric class DumpResults.
2026/06/20 03:32:33 - mmengine - INFO - Load checkpoint from work_dirs/posec3d_fall_binary/best_acc_top1_epoch_5.pth
2026/06/20 03:32:36 - mmengine - INFO - Epoch(test) [ 20/825]    eta: 0:01:52  time: 0.1396  data_time: 0.0525  memory: 963  
2026/06/20 03:32:38 - mmengine - INFO - Epoch(test) [ 40/825]    eta: 0:01:28  time: 0.0865  data_time: 0.0253  memory: 963  
2026/06/20 03:32:39 - mmengine - INFO - Epoch(test) [ 60/825]    eta: 0:01:19  time: 0.0871  data_time: 0.0249  memory: 963  
2026/06/20 03:32:41 - mmengine - INFO - Epoch(test) [ 80/825]    eta: 0:01:13  time: 0.0831  data_time: 0.0231  memory: 963  
2026/06/20 03:32:43 - mmengine - INFO - Epoch(test) [100/825]    eta: 0:01:11  time: 0.0961  data_time: 0.0289  memory: 963  
2026/06/20 03:32:45 - mmengine - INFO - Epoch(test) [120/825]    eta: 0:01:10  time: 0.1035  data_time: 0.0315  memory: 963  
2026/06/20 03:32:47 - mmengine - INFO - Epoch(test) [140/825]    eta: 0:01:07  time: 0.0933  data_time: 0.0249  memory: 963  
2026/06/20 03:32:49 - mmengine - INFO - Epoch(test) [160/825]    eta: 0:01:05  time: 0.0930  data_time: 0.0244  memory: 963  
2026/06/20 03:32:51 - mmengine - INFO - Epoch(test) [180/825]    eta: 0:01:02  time: 0.0946  data_time: 0.0262  memory: 963  
2026/06/20 03:32:52 - mmengine - INFO - Epoch(test) [200/825]    eta: 0:01:00  time: 0.0904  data_time: 0.0241  memory: 963  
2026/06/20 03:32:54 - mmengine - INFO - Epoch(test) [220/825]    eta: 0:00:58  time: 0.0905  data_time: 0.0233  memory: 963  
2026/06/20 03:32:56 - mmengine - INFO - Epoch(test) [240/825]    eta: 0:00:56  time: 0.0915  data_time: 0.0236  memory: 963  
2026/06/20 03:32:58 - mmengine - INFO - Epoch(test) [260/825]    eta: 0:00:53  time: 0.0907  data_time: 0.0240  memory: 963  
2026/06/20 03:33:00 - mmengine - INFO - Epoch(test) [280/825]    eta: 0:00:51  time: 0.0915  data_time: 0.0231  memory: 963  
2026/06/20 03:33:02 - mmengine - INFO - Epoch(test) [300/825]    eta: 0:00:49  time: 0.0883  data_time: 0.0227  memory: 963  
2026/06/20 03:33:03 - mmengine - INFO - Epoch(test) [320/825]    eta: 0:00:47  time: 0.0921  data_time: 0.0240  memory: 963  
2026/06/20 03:33:05 - mmengine - INFO - Epoch(test) [340/825]    eta: 0:00:45  time: 0.0907  data_time: 0.0237  memory: 963  
2026/06/20 03:33:07 - mmengine - INFO - Epoch(test) [360/825]    eta: 0:00:43  time: 0.0964  data_time: 0.0265  memory: 963  
2026/06/20 03:33:09 - mmengine - INFO - Epoch(test) [380/825]    eta: 0:00:41  time: 0.0913  data_time: 0.0235  memory: 963  
2026/06/20 03:33:11 - mmengine - INFO - Epoch(test) [400/825]    eta: 0:00:40  time: 0.0957  data_time: 0.0263  memory: 963  
2026/06/20 03:33:13 - mmengine - INFO - Epoch(test) [420/825]    eta: 0:00:38  time: 0.0937  data_time: 0.0252  memory: 963  
2026/06/20 03:33:15 - mmengine - INFO - Epoch(test) [440/825]    eta: 0:00:36  time: 0.0907  data_time: 0.0224  memory: 963  
2026/06/20 03:33:16 - mmengine - INFO - Epoch(test) [460/825]    eta: 0:00:34  time: 0.0911  data_time: 0.0238  memory: 963  
2026/06/20 03:33:18 - mmengine - INFO - Epoch(test) [480/825]    eta: 0:00:32  time: 0.0927  data_time: 0.0239  memory: 963  
2026/06/20 03:33:20 - mmengine - INFO - Epoch(test) [500/825]    eta: 0:00:30  time: 0.0910  data_time: 0.0234  memory: 963  
2026/06/20 03:33:22 - mmengine - INFO - Epoch(test) [520/825]    eta: 0:00:28  time: 0.0923  data_time: 0.0239  memory: 963  
2026/06/20 03:33:24 - mmengine - INFO - Epoch(test) [540/825]    eta: 0:00:26  time: 0.0928  data_time: 0.0239  memory: 963  
2026/06/20 03:33:26 - mmengine - INFO - Epoch(test) [560/825]    eta: 0:00:24  time: 0.0957  data_time: 0.0266  memory: 963  
2026/06/20 03:33:27 - mmengine - INFO - Epoch(test) [580/825]    eta: 0:00:22  time: 0.0912  data_time: 0.0231  memory: 963  
2026/06/20 03:33:29 - mmengine - INFO - Epoch(test) [600/825]    eta: 0:00:21  time: 0.0928  data_time: 0.0239  memory: 963  
2026/06/20 03:33:31 - mmengine - INFO - Epoch(test) [620/825]    eta: 0:00:19  time: 0.0942  data_time: 0.0252  memory: 963  
2026/06/20 03:33:33 - mmengine - INFO - Epoch(test) [640/825]    eta: 0:00:17  time: 0.0972  data_time: 0.0267  memory: 963  
2026/06/20 03:33:35 - mmengine - INFO - Epoch(test) [660/825]    eta: 0:00:15  time: 0.0908  data_time: 0.0238  memory: 963  
2026/06/20 03:33:37 - mmengine - INFO - Epoch(test) [680/825]    eta: 0:00:13  time: 0.0935  data_time: 0.0251  memory: 963  
2026/06/20 03:33:39 - mmengine - INFO - Epoch(test) [700/825]    eta: 0:00:11  time: 0.0964  data_time: 0.0267  memory: 963  
2026/06/20 03:33:41 - mmengine - INFO - Epoch(test) [720/825]    eta: 0:00:09  time: 0.1009  data_time: 0.0296  memory: 963  
2026/06/20 03:33:43 - mmengine - INFO - Epoch(test) [740/825]    eta: 0:00:07  time: 0.0908  data_time: 0.0236  memory: 963  
2026/06/20 03:33:44 - mmengine - INFO - Epoch(test) [760/825]    eta: 0:00:06  time: 0.0909  data_time: 0.0227  memory: 963  
2026/06/20 03:33:46 - mmengine - INFO - Epoch(test) [780/825]    eta: 0:00:04  time: 0.0927  data_time: 0.0237  memory: 963  
2026/06/20 03:33:48 - mmengine - INFO - Epoch(test) [800/825]    eta: 0:00:02  time: 0.0914  data_time: 0.0233  memory: 963  
2026/06/20 03:33:50 - mmengine - INFO - Epoch(test) [820/825]    eta: 0:00:00  time: 0.0895  data_time: 0.0219  memory: 963  
2026/06/20 03:33:50 - mmengine - INFO - Results has been saved to work_dirs/posec3d_fall_binary/best_acc_top1_epoch_5_pred.pkl.
2026/06/20 03:33:50 - mmengine - INFO - Epoch(test) [825/825]    acc/top1: 1.0000  acc/mean1: 1.0000  data_time: 0.0253  time: 0.0936
